GET /api/contacts 200 910 - 8.712 ms   {}
GET /api/contacts/9 500 1315 - 3.774 ms   {}
GET /api/contacts/9 500 1315 - 10.076 ms   {}
GET /api/contacts/9 200 79 - 7.338 ms   {}
GET /api/contacts/9 500 1315 - 5.903 ms   {}
GET /api/contacts/9 200 79 - 7.223 ms   {}
POST /api/contacts 500 1328 - 8.392 ms application/json  {"name":"Juli","email":"juli@mail.com","phone":"44-55"}
POST /api/contacts 500 289 - 12.052 ms application/json  {"name":"Juli","email":"juli@mail.com","phone":"44-55"}
POST /api/contacts 200 63 - 21.961 ms application/json  {"name":"Juli","email":"juli@mail.com","phone":"44-55"}
DELETE /api/contacts/10 200 29 - 19.553 ms   {}
PATCH /api/contacts/3 200 87 - 21.855 ms application/json  {"phone":"333222"}
POST /contacts 404 148 - 2.505 ms application/json  {"name":"Kate","email":"kate@mail.com","phone":"8-800-555-35-35"}
POST /api/contacts 201 106 - 83.734 ms application/json  {"name":"Kate","email":"kate@mail.com","phone":"8-800-555-35-35"}
GET /api/contacts 200 108 - 69.560 ms application/json  {"name":"Kate","email":"kate@mail.com","phone":"8-800-555-35-35"}
PATCH /api/contacts/5f7659b78136d75dc8d3ebe7 204  - 75.083 ms application/json  {"name":"Remi"}
GET /api/contacts/5f7659b78136d75dc8d3ebe7 200 106 - 46.575 ms application/json  {"name":"Remi"}
DELETE /api/contacts/5f7659b78136d75dc8d3ebe7 204  - 46.899 ms application/json  {"name":"Remi"}
GET /api/contacts/5f7659b78136d75dc8d3ebe7 404  - 42.832 ms application/json  {"name":"Remi"}
GET /api/contacts/ 200 2 - 42.439 ms application/json  {"name":"Remi"}
GET /api/contacts 200 2 - 42.192 ms application/json  {"name":"Remi"}
POST /api/contacts 400 31 - 12.204 ms application/json  {"_id":{"$oid":"5eb074232c30a1378dacdbda"},"name":"Allen Raymond","email":"nulla.ante@vestibul.co.uk","phone":"(992) 914-3792","subscription":"free","password":"password","token":""}
POST /api/contacts 400 31 - 13.134 ms application/json  {"_id":{"$oid":"5eb074232c30a1378dacdbda"},"name":"Allen Raymond","email":"nulla.ante@vestibul.co.uk","phone":"(992) 914-3792","subscription":"free","password":"password","token":""}
POST /api/contacts 400 33 - 3.574 ms application/json  {"name":"Allen Raymond","email":"nulla.ante@vestibul.co.uk","phone":"(992) 914-3792","subscription":"free","password":"password","token":""}
POST /api/contacts 400 45 - 12.447 ms application/json  {"name":"Allen Raymond","email":"nulla.ante@vestibul.co.uk","phone":"(992) 914-3792","subscription":"free","password":"password","token":""}
POST /api/contacts 400 45 - 11.780 ms application/json  {"name":"Allen Raymond","email":"nulla.ante@vestibul.co.uk","phone":"(992) 914-3792","subscription":"free","password":"password","token":""}
POST /api/contacts 400 45 - 12.744 ms application/json  {"name":"Allen Raymond","email":"nulla.ante@vestibul.co.uk","phone":"(992) 914-3792","subscription":"free","password":"password","token":""}
POST /api/contacts 400 45 - 12.577 ms application/json  {"name":"Allen Raymond","email":"nulla.ante@vestibul.co.uk","phone":"(992) 914-3792","subscription":"free","password":"password","token":""}
POST /api/contacts 400 45 - 12.425 ms application/json  {"_id":{"$oid":"5eb074232c30a1378dacdbdb"},"name":"Chaim Lewis","email":"dui.in@egetlacus.ca","phone":"(294) 840-6685","subscription":"pro","password":"password","token":""}
POST /api/contacts 400 45 - 12.414 ms application/json  {"_id":{"$oid":"5eb074232c30a1378dacdbdb"},"name":"Chaim Lewis","email":"dui.in@egetlacus.ca","phone":"(294) 840-6685","subscription":"pro","password":"password","token":""}
POST /api/contacts 400 35 - 3.720 ms application/json  {"_id":{"$oid":"5eb074232c30a1378dacdbdb"},"name":"Chaim Lewis","email":"dui.in@egetlacus.ca","phone":"(294) 840-6685","subscription":"pro","password":"password","token":null}
POST /api/contacts 400 45 - 1.612 ms application/json  {"_id":{"$oid":"5eb074232c30a1378dacdbdb"},"name":"Chaim Lewis","email":"dui.in@egetlacus.ca","phone":"(294) 840-6685","subscription":"pro","password":"password","token":""}
POST /api/contacts 400 45 - 11.855 ms application/json  {"_id":{"$oid":"5eb074232c30a1378dacdbdb"},"name":"Chaim Lewis","email":"dui.in@egetlacus.ca","phone":"(294) 840-6685","subscription":"pro","password":"password","token":""}
POST /api/contacts 400 31 - 12.224 ms application/json  {"_id":{"$oid":"5eb074232c30a1378dacdbdb"},"name":"Chaim Lewis","email":"dui.in@egetlacus.ca","phone":"(294) 840-6685","subscription":"pro","password":"password","token":""}
POST /api/contacts 400 33 - 2.040 ms application/json  {"name":"Chaim Lewis","email":"dui.in@egetlacus.ca","phone":"(294) 840-6685","subscription":"pro","password":"password","token":""}
POST /api/contacts 400 33 - 1.165 ms application/json  {"name":"Chaim Lewis","email":"dui.in@egetlacus.ca","phone":"(294) 840-6685","subscription":"pro","password":"password","token":null}
POST /api/contacts 400 33 - 1.040 ms application/json  {"name":"Chaim Lewis","email":"dui.in@egetlacus.ca","phone":"(294) 840-6685","subscription":"pro","password":"password","token":null}
POST /api/contacts 201 145 - 86.666 ms application/json  {"name":"Chamber","email":"duncan@mail.com","phone":"323245","subscription":"basic","password":"qwerty"}
POST /api/contacts 201 145 - 92.910 ms application/json  {"name":"Chamber","email":"duncan@mail.com","phone":"323245","subscription":"basic","password":"qwerty"}
GET /api/contacts 200 2020 - 67.235 ms application/json  {"name":"Chamber","email":"duncan@mail.com","phone":"323245","subscription":"basic","password":"qwerty"}
GET /api/users 404 148 - 2.673 ms application/json  {"email":"payday@mail.com","password":"dollar"}
GET /api/auth 404 147 - 0.532 ms application/json  {"email":"payday@mail.com","password":"dollar"}
GET /api/auth/test 200 2 - 2.382 ms application/json  {"email":"payday@mail.com","password":"dollar"}
GET /api/auth/register 404 156 - 3.115 ms application/json  {"email":"falcon@mail.com","password":"2121","subscription":{"default":"free"}}
POST /api/auth/register 500 265 - 71.144 ms application/json  {"email":"falcon@mail.com","password":"2121","subscription":{"default":"free"}}
POST /api/auth/register 500 265 - 46.794 ms application/json  {"email":"falcon@mail.com","password":"2121","subscription":{"default":"free"}}
POST /api/auth/register 500 1872 - 84.536 ms application/json  {"email":"falcon@mail.com","password":"2121","subscription":{"default":"free"}}
POST /api/auth/register 500 1872 - 79.903 ms application/json  {"email":"falcon@mail.com","password":"2121","subscription":{"default":"free"}}
POST /api/auth/register 500 1872 - 78.708 ms application/json  {"email":"falcon@mail.com","password":"2121","subscription":{"default":"free"}}
POST /api/auth/register 200 36 - 155.240 ms application/json  {"email":"falcon@mail.com","password":"2121"}
POST /api/auth/register 400 35 - 44.615 ms application/json  {"email":"falcon@mail.com","password":"2121"}
POST /api/auth/register 422 38 - 3.291 ms application/json  {"email":"falcon@mail.com"}
PUT /api/auth/login 500 385 - 72.416 ms application/json  {"email":"falcon@mail.com","password":"2121"}
PUT /api/auth/login 500 385 - 54.924 ms application/json  {"email":"falcon@mail.com","password":"2121"}
PUT /api/auth/login 500 385 - 44.199 ms application/json  {"email":"falcon@mail.com","password":"2121"}
PUT /api/auth/login 500 368 - 138.630 ms application/json  {"email":"falcon@mail.com","password":"2121"}
PUT /api/auth/login 200 243 - 132.283 ms application/json  {"email":"falcon@mail.com","password":"2121"}
POST /api/auth/register 500 1700 - 103.234 ms application/json  {"email":"remi@mail.com","password":"lolga"}
POST /api/auth/register 500 1700 - 80.933 ms application/json  {"email":"remi@mail.com","password":"lolga"}
POST /api/auth/register 500 1700 - 81.228 ms application/json  {"email":"lolga@mail.com","password":"lolga"}
POST /api/auth/register 500 1700 - 122.029 ms application/json  {"email":"lolga@mail.com","password":"lolga"}
POST /api/auth/register 200 35 - 93.698 ms application/json  {"email":"lolga@mail.com","password":"lolga"}
POST /api/auth/register 500 1700 - 94.372 ms application/json  {"email":"remi@mail.com","password":"remi"}
POST /api/auth/register 500 1700 - 124.226 ms application/json  {"email":"remi@mail.com","password":"remi"}
POST /api/auth/register 500 1700 - 499.181 ms application/json  {"email":"remi@mail.com","password":"remi"}
POST /api/auth/register 200 34 - 125.424 ms application/json  {"email":"remi@mail.com","password":"remi"}
POST /api/auth/register 409 35 - 41.514 ms application/json  {"email":"remi@mail.com","password":"remi"}
POST /api/auth/register 200 35 - 84.269 ms application/json  {"email":"lolga@mail.com","password":"lolga"}
POST /api/auth/register 200 35 - 96.668 ms application/json  {"email":"dalas@mail.com","password":"dollar"}
PUT /api/auth/login 200 242 - 102.082 ms application/json  {"email":"dalas@mail.com","password":"dollar"}
GET /api/auth/all 200 177 - 179.553 ms application/json  {"email":"dalas@mail.com","password":"dollar"}
PUT /api/auth/logout 200 21 - 167.402 ms application/json  {"email":"dalas@mail.com","password":"dollar"}
PUT /api/auth/current 404 155 - 3.499 ms application/json  {"email":"dalas@mail.com","password":"dollar"}
GET /api/auth/current 401 34 - 82.483 ms application/json  {"email":"dalas@mail.com","password":"dollar"}
GET /api/auth/login 404 153 - 1.524 ms application/json  {"email":"dalas@mail.com","password":"dollar"}
PUT /api/auth/login 200 242 - 110.841 ms application/json  {"email":"dalas@mail.com","password":"dollar"}
PUT /api/auth/current 404 155 - 0.345 ms application/json  {"email":"dalas@mail.com","password":"dollar"}
GET /api/auth/current 200 240 - 99.027 ms application/json  {"email":"dalas@mail.com","password":"dollar"}
GET /api/auth/logout 404 154 - 0.214 ms application/json  {"email":"dalas@mail.com","password":"dollar"}
PUT /api/auth/logout 200 21 - 101.701 ms application/json  {"email":"dalas@mail.com","password":"dollar"}
